#
# There is insufficient memory for the Java Runtime Environment to continue.
# Native memory allocation (mmap) failed to map 117440512 bytes for Failed to commit area from 0x0000000091000000 to 0x0000000098000000 of length 117440512.
# Possible reasons:
#   The system is out of physical RAM or swap space
#   The process is running with CompressedOops enabled, and the Java Heap may be blocking the growth of the native heap
# Possible solutions:
#   Reduce memory load on the system
#   Increase physical memory or swap space
#   Check if swap backing store is full
#   Decrease Java heap size (-Xmx/-Xms)
#   Decrease number of Java threads
#   Decrease Java thread stack sizes (-Xss)
#   Set larger code cache with -XX:ReservedCodeCacheSize=
# This output file may be truncated or incomplete.
#
#  Out of Memory Error (./src/hotspot/os/windows/os_windows.cpp:3301), pid=17804, tid=8016
#
# JRE version:  (11.0.10+9) (build )
# Java VM: Dynamic Code Evolution 64-Bit Server VM (11.0.10+9-b1341.41, mixed mode, sharing, tiered, compressed oops, g1 gc, windows-amd64)
# No core dump will be written. Minidumps are not enabled by default on client versions of Windows
#

---------------  S U M M A R Y ------------

Command Line: org.jetbrains.git4idea.http.GitAskPassApp Username for 'https://github.com': 

Host: AMD Ryzen 5 3500U with Radeon Vega Mobile Gfx  , 8 cores, 6G,  Windows 10 , 64 bit Build 19041 (10.0.19041.928)
Time: Sun Nov  7 18:38:45 2021 GTB Standard Time elapsed time: 0.014858 seconds (0d 0h 0m 0s)

---------------  T H R E A D  ---------------

Current thread (0x000002208b85b800):  JavaThread "Unknown thread" [_thread_in_vm, id=8016, stack(0x0000006e09c00000,0x0000006e09d00000)]

Stack: [0x0000006e09c00000,0x0000006e09d00000]
Native frames: (J=compiled Java code, j=interpreted, Vv=VM code, C=native code)
V  [jvm.dll+0x5f84fa]
V  [jvm.dll+0x77e085]
V  [jvm.dll+0x77f5dd]
V  [jvm.dll+0x77fc93]
V  [jvm.dll+0x2457e8]
V  [jvm.dll+0x5f58f4]
V  [jvm.dll+0x5ea975]
V  [jvm.dll+0x30228b]
V  [jvm.dll+0x3021fa]
V  [jvm.dll+0x3020d2]
V  [jvm.dll+0x306fb6]
V  [jvm.dll+0x34f843]
V  [jvm.dll+0x34ff46]
V  [jvm.dll+0x34f943]
V  [jvm.dll+0x2dbcb8]
V  [jvm.dll+0x2dce57]
V  [jvm.dll+0x75c4d7]
V  [jvm.dll+0x75dd6c]
V  [jvm.dll+0x35cdb9]
V  [jvm.dll+0x73fc9e]
V  [jvm.dll+0x3c5663]
V  [jvm.dll+0x3c7a21]
C  [jli.dll+0x5373]
C  [ucrtbase.dll+0x21bb2]
C  [KERNEL32.DLL+0x17034]
C  [ntdll.dll+0x52651]


---------------  P R O C E S S  ---------------

Threads class SMR info:
_java_thread_list=0x000002208b760560, length=0, elements={
}

Java Threads: ( => current thread )

Other Threads:
  0x000002208b874800 GCTaskThread "GC Thread#0" [stack: 0x0000006e09d00000,0x0000006e09e00000] [id=27172]
  0x000002208b8a3800 ConcurrentGCThread "G1 Main Marker" [stack: 0x0000006e09e00000,0x0000006e09f00000] [id=17096]
  0x000002208b8a5000 ConcurrentGCThread "G1 Conc#0" [stack: 0x0000006e09f00000,0x0000006e0a000000] [id=15584]

[error occurred during error reporting (printing all threads), id 0xc0000005, EXCEPTION_ACCESS_VIOLATION (0xc0000005) at pc=0x00007ffccc9bc437]

VM state:not at safepoint (not fully initialized)

VM Mutex/Monitor currently owned by a thread:  ([mutex/lock_event])
[0x000002208b857bc0] Heap_lock - owner thread: 0x000002208b85b800

Heap address: 0x0000000091000000, size: 1776 MB, Compressed Oops mode: Non-zero based: 0x0000000091000000
Narrow klass base: 0x0000000000000000, Narrow klass shift: 0

GC Heap History (0 events):
No events

Deoptimization events (0 events):
No events

Classes redefined (0 events):
No events

Internal exceptions (0 events):
No events

Events (1 events):
Event: 0.008 Loaded shared library C:\Program Files\JetBrains\IntelliJ IDEA Community Edition 2020.3.2\jbr\bin\zip.dll


Dynamic libraries:
0x00007ff774e10000 - 0x00007ff774e1a000 	C:\Program Files\JetBrains\IntelliJ IDEA Community Edition 2020.3.2\jbr\bin\java.exe
0x00007ffd1be70000 - 0x00007ffd1c065000 	C:\WINDOWS\SYSTEM32\ntdll.dll
0x00007ffd19f80000 - 0x00007ffd1a03d000 	C:\WINDOWS\System32\KERNEL32.DLL
0x00007ffd19630000 - 0x00007ffd198f8000 	C:\WINDOWS\System32\KERNELBASE.dll
0x00007ffd199f0000 - 0x00007ffd19af0000 	C:\WINDOWS\System32\ucrtbase.dll
0x00007ffcf8db0000 - 0x00007ffcf8dc7000 	C:\Program Files\JetBrains\IntelliJ IDEA Community Edition 2020.3.2\jbr\bin\VCRUNTIME140.dll
0x00007ffcf74e0000 - 0x00007ffcf74f9000 	C:\Program Files\JetBrains\IntelliJ IDEA Community Edition 2020.3.2\jbr\bin\jli.dll
0x00007ffd1b4c0000 - 0x00007ffd1b660000 	C:\WINDOWS\System32\USER32.dll
0x00007ffd19ea0000 - 0x00007ffd19ec2000 	C:\WINDOWS\System32\win32u.dll
0x00007ffd18970000 - 0x00007ffd18c0a000 	C:\WINDOWS\WinSxS\amd64_microsoft.windows.common-controls_6595b64144ccf1df_6.0.19041.844_none_ca00b6081b84eb1d\COMCTL32.dll
0x00007ffd1aad0000 - 0x00007ffd1aafa000 	C:\WINDOWS\System32\GDI32.dll
0x00007ffd1a110000 - 0x00007ffd1a1ae000 	C:\WINDOWS\System32\msvcrt.dll
0x00007ffd19b20000 - 0x00007ffd19c2b000 	C:\WINDOWS\System32\gdi32full.dll
0x00007ffd19950000 - 0x00007ffd199ed000 	C:\WINDOWS\System32\msvcp_win.dll
0x00007ffd1aaa0000 - 0x00007ffd1aad0000 	C:\WINDOWS\System32\IMM32.DLL
0x00007ffceaff0000 - 0x00007ffceb08d000 	C:\Program Files\JetBrains\IntelliJ IDEA Community Edition 2020.3.2\jbr\bin\msvcp140.dll
0x00007ffccc6d0000 - 0x00007ffccd21f000 	C:\Program Files\JetBrains\IntelliJ IDEA Community Edition 2020.3.2\jbr\bin\server\jvm.dll
0x00007ffd1a770000 - 0x00007ffd1a81c000 	C:\WINDOWS\System32\ADVAPI32.dll
0x00007ffd1a400000 - 0x00007ffd1a49b000 	C:\WINDOWS\System32\sechost.dll
0x00007ffd1a4a0000 - 0x00007ffd1a5cb000 	C:\WINDOWS\System32\RPCRT4.dll
0x00007ffd1a9b0000 - 0x00007ffd1a9b8000 	C:\WINDOWS\System32\PSAPI.DLL
0x00007ffd15b10000 - 0x00007ffd15b37000 	C:\WINDOWS\SYSTEM32\WINMM.dll
0x00007ffd17b10000 - 0x00007ffd17b19000 	C:\WINDOWS\SYSTEM32\WSOCK32.dll
0x00007ffd0e640000 - 0x00007ffd0e64a000 	C:\WINDOWS\SYSTEM32\VERSION.dll
0x00007ffd1a260000 - 0x00007ffd1a2cb000 	C:\WINDOWS\System32\WS2_32.dll
0x00007ffd171b0000 - 0x00007ffd171c2000 	C:\WINDOWS\SYSTEM32\kernel.appcore.dll
0x00007ffd17780000 - 0x00007ffd17791000 	C:\Program Files\JetBrains\IntelliJ IDEA Community Edition 2020.3.2\jbr\bin\verify.dll
0x00007ffd18ee0000 - 0x00007ffd190c4000 	C:\WINDOWS\SYSTEM32\DBGHELP.DLL
0x00007ffd18d10000 - 0x00007ffd18d3c000 	C:\WINDOWS\SYSTEM32\dbgcore.DLL
0x00007ffd195b0000 - 0x00007ffd19630000 	C:\WINDOWS\System32\bcryptPrimitives.dll
0x00007ffd06720000 - 0x00007ffd06749000 	C:\Program Files\JetBrains\IntelliJ IDEA Community Edition 2020.3.2\jbr\bin\java.dll
0x00007ffd17950000 - 0x00007ffd1795b000 	C:\Program Files\JetBrains\IntelliJ IDEA Community Edition 2020.3.2\jbr\bin\jimage.dll
0x00007ffd06cc0000 - 0x00007ffd06cd8000 	C:\Program Files\JetBrains\IntelliJ IDEA Community Edition 2020.3.2\jbr\bin\zip.dll

dbghelp: loaded successfully - version: 4.0.5 - missing functions: none
symbol engine: initialized successfully - sym options: 0x614 - pdb path: .;C:\Program Files\JetBrains\IntelliJ IDEA Community Edition 2020.3.2\jbr\bin;C:\WINDOWS\SYSTEM32;C:\WINDOWS\WinSxS\amd64_microsoft.windows.common-controls_6595b64144ccf1df_6.0.19041.844_none_ca00b6081b84eb1d;C:\Program Files\JetBrains\IntelliJ IDEA Community Edition 2020.3.2\jbr\bin\server

VM Arguments:
java_command: org.jetbrains.git4idea.http.GitAskPassApp Username for 'https://github.com': 
java_class_path (initial): C:/Program Files/JetBrains/IntelliJ IDEA Community Edition 2020.3.2/plugins/git4idea/lib/git4idea-rt.jar;C:/Program Files/JetBrains/IntelliJ IDEA Community Edition 2020.3.2/lib/xmlrpc-2.0.1.jar;C:/Program Files/JetBrains/IntelliJ IDEA Community Edition 2020.3.2/lib/commons-codec-1.15.jar
Launcher Type: SUN_STANDARD

[Global flags]
     intx CICompilerCount                          = 4                                         {product} {ergonomic}
     uint ConcGCThreads                            = 2                                         {product} {ergonomic}
     uint G1ConcRefinementThreads                  = 8                                         {product} {ergonomic}
   size_t G1HeapRegionSize                         = 1048576                                   {product} {ergonomic}
    uintx GCDrainStackTargetSize                   = 64                                        {product} {ergonomic}
   size_t InitialHeapSize                          = 117440512                                 {product} {ergonomic}
   size_t MarkStackSize                            = 4194304                                   {product} {ergonomic}
   size_t MaxHeapSize                              = 1862270976                                {product} {ergonomic}
   size_t MinHeapDeltaBytes                        = 1048576                                   {product} {ergonomic}
    uintx NonNMethodCodeHeapSize                   = 5836300                                {pd product} {ergonomic}
    uintx NonProfiledCodeHeapSize                  = 122910970                              {pd product} {ergonomic}
    uintx ProfiledCodeHeapSize                     = 122910970                              {pd product} {ergonomic}
    uintx ReservedCodeCacheSize                    = 251658240                              {pd product} {ergonomic}
     bool SegmentedCodeCache                       = true                                      {product} {ergonomic}
     bool UseCompressedClassPointers               = true                                 {lp64_product} {ergonomic}
     bool UseCompressedOops                        = true                                 {lp64_product} {ergonomic}
     bool UseG1GC                                  = true                                      {product} {ergonomic}
     bool UseLargePagesIndividualAllocation        = false                                  {pd product} {ergonomic}

Logging:
Log output configuration:
 #0: stdout all=warning uptime,level,tags
 #1: stderr all=off uptime,level,tags

Environment Variables:
JAVA_HOME=C:\Program Files\Java\jdk-15.0.2
PATH=C:\Program Files\Git\mingw64\libexec\git-core;C:\Program Files\Git\mingw64\libexec\git-core;C:\Program Files\Git\mingw64\bin;C:\Program Files\Git\usr\bin;C:\Users\hmdis\bin;C:\Program Files\Common Files\Oracle\Java\javapath;C:\WINDOWS\system32;C:\WINDOWS;C:\WINDOWS\System32\Wbem;C:\WINDOWS\System32\WindowsPowerShell\v1.0;C:\WINDOWS\System32\OpenSSH;C:\Program Files\PuTTY;C:\Program Files\Java\jdk-15.0.2\bin;C:\Program Files\Git\cmd;C:\Users\hmdis\AppData\Local\Microsoft\WindowsApps
USERNAME=hmdis
DISPLAY=:0.0
LC_ALL=en_US.UTF-8
OS=Windows_NT
PROCESSOR_IDENTIFIER=AMD64 Family 23 Model 24 Stepping 1, AuthenticAMD



---------------  S Y S T E M  ---------------

OS: Windows 10 , 64 bit Build 19041 (10.0.19041.928)
OS uptime: 50 days 19:16 hours

CPU:total 8 (initial active 8) (8 cores per cpu, 2 threads per core) family 23 model 24 stepping 1 microcode 0x0, cmov, cx8, fxsr, mmx, sse, sse2, sse3, ssse3, sse4.1, sse4.2, popcnt, avx, avx2, aes, clmul, mmxext, 3dnowpref, lzcnt, sse4a, ht, tsc, tscinvbit, tscinv, bmi1, bmi2, adx, s

Memory: 4k page, system-wide physical 7103M (1037M free)
TotalPageFile size 17343M (AvailPageFile size 98M)
current process WorkingSet (physical memory assigned to process): 9M, peak: 9M
current process commit charge ("private bytes"): 59M, peak: 171M

vm_info: Dynamic Code Evolution 64-Bit Server VM (11.0.10+9-b1341.41) for windows-amd64 JRE (11.0.10+9-b1341.41), built on Apr 17 2021 07:18:15 by "" with MS VC++ 14.0 (VS2015)

END.
